#
# A fatal error has been detected by the Java Runtime Environment:
#
#  SIGSEGV (0xb) at pc=0x00007fff86b97cdc, pid=1410, tid=10930966528
#
# JRE version: 7.0_04-b21
# Java VM: Java HotSpot(TM) 64-Bit Server VM (23.0-b21 mixed mode bsd-amd64 compressed oops)
# Problematic frame:
# C  [libsystem_c.dylib+0x27cdc]  memmove$VARIANT$sse42+0x1f
#
# Failed to write core dump. Core dumps have been disabled. To enable core dumping, try "ulimit -c unlimited" before starting Java again
#
# If you would like to submit a bug report, please visit:
#   http://bugreport.sun.com/bugreport/crash.jsp
# The crash happened outside the Java Virtual Machine in native code.
# See problematic frame for where to report the bug.
#

---------------  T H R E A D  ---------------

Current thread (0x00007f82b30ab000):  JavaThread "AWT-EventQueue-0" [_thread_in_native, id=-1953935360, stack(0x000000026b895000,0x000000028b895000)]

siginfo:si_signo=SIGSEGV: si_errno=0, si_code=0 (SEGV0), si_addr=0x0000000000000000

Registers:
RAX=0x909e12094007efff, RBX=0x0000000000000009, RCX=0x0000000000000001, RDX=0x0000000000000004
RSP=0x000000028b893470, RBP=0x000000028b893470, RSI=0x6f626d7973203a29, RDI=0x00007f82b3282a28
R8 =0x0000000000000001, R9 =0x0000000000000000, R10=0x0000000000000000, R11=0x00007f82b3282a28
R12=0x0000000000000240, R13=0x000000000000ffff, R14=0x00007f82b317d400, R15=0x0000000000000028
RIP=0x00007fff86b97cdc, EFLAGS=0x0000000000010202, ERR=0x0000000000000000
  TRAPNO=0x000000000000000d

Top of Stack: (sp=0x000000028b893470)
0x000000028b893470:   000000028b893480 00000001f36e75ff
0x000000028b893480:   000000028b8934d0 00000001f360c5e5
0x000000028b893490:   0000ffff8b8934d0 0000000000000030
0x000000028b8934a0:   0000000100000030 0000000000000010
0x000000028b8934b0:   0000000000000030 00007f82b317d400
0x000000028b8934c0:   0000000000000001 0000000000000030
0x000000028b8934d0:   000000028b893560 00000001f360c72a
0x000000028b8934e0:   0000000100000010 0000000100000001
0x000000028b8934f0:   0000000100000000 00007f82b744e370
0x000000028b893500:   00007f82b5def660 0000000000000000
0x000000028b893510:   00000001eaa15980 0000001000000000
0x000000028b893520:   00007f82b744e370 00007f82b5342400
0x000000028b893530:   00007f82b5342400 0000000000000010
0x000000028b893540:   0000000000000030 00007f82b317d400
0x000000028b893550:   0000000000000001 0000000000000030
0x000000028b893560:   000000028b893690 00000001f35f87e2
0x000000028b893570:   0000000000000001 0000000600000000
0x000000028b893580:   0000000000000000 00007f82b5def660
0x000000028b893590:   0000000000000000 000000106e101922
0x000000028b8935a0:   00007f82b5def660 0000000000000000
0x000000028b8935b0:   000000028b893680 00007fff931ad716
0x000000028b8935c0:   00007f82b317d400 0000000000000030
0x000000028b8935d0:   0000000000000030 0000000000000001
0x000000028b8935e0:   0000000000000010 0000000000000010
0x000000028b8935f0:   0000000000000001 00007f82b5dca900
0x000000028b893600:   54894cd0450f4c00 3345b8468d492824
0x000000028b893610:   000000b87e8149d2 54894cd0450f4c00
0x000000028b893620:   3345b0468d493024 000000b07e8149d2
0x000000028b893630:   54894cd0450f4c00 2f1ffdd6b8483824
0x000000028b893640:   6e72654b68636e75 65766974614e6c65
0x000000028b893650:   0000000000000000 0000000000000000
0x000000028b893660:   000003e740000000 00007f82b5def660 

Instructions: (pc=0x00007fff86b97cdc)
0x00007fff86b97cbc:   4c 55 48 89 e5 49 89 fb 48 89 f8 48 29 f0 48 39
0x00007fff86b97ccc:   d0 72 35 48 83 fa 50 77 34 89 d1 c1 e9 02 74 10
0x00007fff86b97cdc:   8b 06 48 83 c6 04 89 07 48 83 c7 04 ff c9 75 f0
0x00007fff86b97cec:   83 e2 03 74 0e 8a 06 48 ff c6 88 07 48 ff c7 ff 

Register to memory mapping:

RAX=0x909e12094007efff is an unknown value
RBX=0x0000000000000009 is an unknown value
RCX=0x0000000000000001 is an unknown value
RDX=0x0000000000000004 is an unknown value
RSP=0x000000028b893470 is pointing into the stack for thread: 0x00007f82b30ab000
RBP=0x000000028b893470 is pointing into the stack for thread: 0x00007f82b30ab000
RSI=0x6f626d7973203a29 is an unknown value
RDI=0x00007f82b3282a28 is an unknown value
R8 =0x0000000000000001 is an unknown value
R9 =0x0000000000000000 is an unknown value
R10=0x0000000000000000 is an unknown value
R11=0x00007f82b3282a28 is an unknown value
R12=0x0000000000000240 is an unknown value
R13=0x000000000000ffff is an unknown value
R14=0x00007f82b317d400 is an unknown value
R15=0x0000000000000028 is an unknown value


Stack: [0x000000026b895000,0x000000028b895000],  sp=0x000000028b893470,  free space=524281k
Native frames: (J=compiled Java code, j=interpreted, Vv=VM code, C=native code)
C  [libsystem_c.dylib+0x27cdc]  memmove$VARIANT$sse42+0x1f
C  [libcuda_295.10.20.dylib+0xfc5ff]  cuGraphicsGLRegisterImage+0xdf35f
C  [libcuda_295.10.20.dylib+0x215e5]  cuGraphicsGLRegisterImage+0x4345
C  [libcuda_295.10.20.dylib+0x2172a]  cuGraphicsGLRegisterImage+0x448a
C  [libcuda_295.10.20.dylib+0xd7e2]  cuLaunchKernel+0x2b2
C  [libJCudaDriver-apple-x86_64.dylib+0xad34]  Java_jcuda_driver_JCudaDriver_cuLaunchKernelNative+0x204
j  jcuda.driver.JCudaDriver.cuLaunchKernelNative(Ljcuda/driver/CUfunction;IIIIIIILjcuda/driver/CUstream;Ljcuda/Pointer;Ljcuda/Pointer;)I+0
j  jcuda.driver.JCudaDriver.cuLaunchKernel(Ljcuda/driver/CUfunction;IIIIIIILjcuda/driver/CUstream;Ljcuda/Pointer;Ljcuda/Pointer;)I+18
j  clearvolume.jcuda.JCudaClearVolumeRenderer.passParametersAndRunKernel(Ljcuda/driver/CUdeviceptr;)V+192
j  clearvolume.jcuda.JCudaClearVolumeRenderer.runKernel()V+38
j  clearvolume.jcuda.JCudaClearVolumeRenderer.updateBufferAndRunKernel()V+124
j  clearvolume.jcuda.JCudaClearVolumeRenderer.renderVolume(Ljavax/media/opengl/GL2;[F)V+145
j  clearvolume.jogl.JoglPBOVolumeRenderer.display(Ljavax/media/opengl/GLAutoDrawable;)V+115
j  jogamp.opengl.GLDrawableHelper.displayImpl(Ljavax/media/opengl/GLAutoDrawable;)V+58
j  jogamp.opengl.GLDrawableHelper.display(Ljavax/media/opengl/GLAutoDrawable;)V+2
j  javax.media.opengl.awt.GLCanvas$7.run()V+118
j  jogamp.opengl.GLDrawableHelper.invokeGLImpl(Ljavax/media/opengl/GLDrawable;Ljavax/media/opengl/GLContext;Ljava/lang/Runnable;Ljava/lang/Runnable;Ljavax/media/opengl/GLAutoDrawable;)V+137
j  jogamp.opengl.GLDrawableHelper.invokeGL(Ljavax/media/opengl/GLDrawable;Ljavax/media/opengl/GLContext;Ljava/lang/Runnable;Ljava/lang/Runnable;)V+85
j  javax.media.opengl.awt.GLCanvas$8.run()V+49
j  java.awt.event.InvocationEvent.dispatch()V+11
j  java.awt.EventQueue.dispatchEventImpl(Ljava/awt/AWTEvent;Ljava/lang/Object;)V+21
j  java.awt.EventQueue.access$000(Ljava/awt/EventQueue;Ljava/awt/AWTEvent;Ljava/lang/Object;)V+3
j  java.awt.EventQueue$3.run()Ljava/lang/Void;+12
j  java.awt.EventQueue$3.run()Ljava/lang/Object;+1
v  ~StubRoutines::call_stub
V  [libjvm.dylib+0x286acf]
V  [libjvm.dylib+0x28689c]
V  [libjvm.dylib+0x2c1713]
j  java.security.AccessController.doPrivileged(Ljava/security/PrivilegedAction;Ljava/security/AccessControlContext;)Ljava/lang/Object;+0
j  java.security.ProtectionDomain$1.doIntersectionPrivilege(Ljava/security/PrivilegedAction;Ljava/security/AccessControlContext;Ljava/security/AccessControlContext;)Ljava/lang/Object;+28
j  java.awt.EventQueue.dispatchEvent(Ljava/awt/AWTEvent;)V+46
j  java.awt.EventDispatchThread.pumpOneEventForFilters(I)V+245
j  java.awt.EventDispatchThread.pumpEventsForFilter(ILjava/awt/Conditional;Ljava/awt/EventFilter;)V+48
j  java.awt.EventDispatchThread.pumpEventsForHierarchy(ILjava/awt/Conditional;Ljava/awt/Component;)V+11
j  java.awt.EventDispatchThread.pumpEvents(ILjava/awt/Conditional;)V+4
j  java.awt.EventDispatchThread.pumpEvents(Ljava/awt/Conditional;)V+3
j  java.awt.EventDispatchThread.run()V+9
v  ~StubRoutines::call_stub
V  [libjvm.dylib+0x286acf]
V  [libjvm.dylib+0x286fac]
V  [libjvm.dylib+0x2870e6]
V  [libjvm.dylib+0x2bd820]
V  [libjvm.dylib+0x4763cc]
V  [libjvm.dylib+0x4778b2]
V  [libjvm.dylib+0x3b393d]
C  [libsystem_c.dylib+0x4e8bf]  _pthread_start+0x14f
C  [libsystem_c.dylib+0x51b75]  thread_start+0xd

Java frames: (J=compiled Java code, j=interpreted, Vv=VM code)
j  jcuda.driver.JCudaDriver.cuLaunchKernelNative(Ljcuda/driver/CUfunction;IIIIIIILjcuda/driver/CUstream;Ljcuda/Pointer;Ljcuda/Pointer;)I+0
j  jcuda.driver.JCudaDriver.cuLaunchKernel(Ljcuda/driver/CUfunction;IIIIIIILjcuda/driver/CUstream;Ljcuda/Pointer;Ljcuda/Pointer;)I+18
j  clearvolume.jcuda.JCudaClearVolumeRenderer.passParametersAndRunKernel(Ljcuda/driver/CUdeviceptr;)V+192
j  clearvolume.jcuda.JCudaClearVolumeRenderer.runKernel()V+38
j  clearvolume.jcuda.JCudaClearVolumeRenderer.updateBufferAndRunKernel()V+124
j  clearvolume.jcuda.JCudaClearVolumeRenderer.renderVolume(Ljavax/media/opengl/GL2;[F)V+145
j  clearvolume.jogl.JoglPBOVolumeRenderer.display(Ljavax/media/opengl/GLAutoDrawable;)V+115
j  jogamp.opengl.GLDrawableHelper.displayImpl(Ljavax/media/opengl/GLAutoDrawable;)V+58
j  jogamp.opengl.GLDrawableHelper.display(Ljavax/media/opengl/GLAutoDrawable;)V+2
j  javax.media.opengl.awt.GLCanvas$7.run()V+118
j  jogamp.opengl.GLDrawableHelper.invokeGLImpl(Ljavax/media/opengl/GLDrawable;Ljavax/media/opengl/GLContext;Ljava/lang/Runnable;Ljava/lang/Runnable;Ljavax/media/opengl/GLAutoDrawable;)V+137
j  jogamp.opengl.GLDrawableHelper.invokeGL(Ljavax/media/opengl/GLDrawable;Ljavax/media/opengl/GLContext;Ljava/lang/Runnable;Ljava/lang/Runnable;)V+85
j  javax.media.opengl.awt.GLCanvas$8.run()V+49
j  java.awt.event.InvocationEvent.dispatch()V+11
j  java.awt.EventQueue.dispatchEventImpl(Ljava/awt/AWTEvent;Ljava/lang/Object;)V+21
j  java.awt.EventQueue.access$000(Ljava/awt/EventQueue;Ljava/awt/AWTEvent;Ljava/lang/Object;)V+3
j  java.awt.EventQueue$3.run()Ljava/lang/Void;+12
j  java.awt.EventQueue$3.run()Ljava/lang/Object;+1
v  ~StubRoutines::call_stub
j  java.security.AccessController.doPrivileged(Ljava/security/PrivilegedAction;Ljava/security/AccessControlContext;)Ljava/lang/Object;+0
j  java.security.ProtectionDomain$1.doIntersectionPrivilege(Ljava/security/PrivilegedAction;Ljava/security/AccessControlContext;Ljava/security/AccessControlContext;)Ljava/lang/Object;+28
j  java.awt.EventQueue.dispatchEvent(Ljava/awt/AWTEvent;)V+46
j  java.awt.EventDispatchThread.pumpOneEventForFilters(I)V+245
j  java.awt.EventDispatchThread.pumpEventsForFilter(ILjava/awt/Conditional;Ljava/awt/EventFilter;)V+48
j  java.awt.EventDispatchThread.pumpEventsForHierarchy(ILjava/awt/Conditional;Ljava/awt/Component;)V+11
j  java.awt.EventDispatchThread.pumpEvents(ILjava/awt/Conditional;)V+4
j  java.awt.EventDispatchThread.pumpEvents(Ljava/awt/Conditional;)V+3
j  java.awt.EventDispatchThread.run()V+9
v  ~StubRoutines::call_stub

---------------  P R O C E S S  ---------------

Java Threads: ( => current thread )
  0x00007f82b21e4800 JavaThread "main-AWTAnimator-1" [_thread_blocked, id=-1417052160, stack(0x000000028b898000,0x00000002ab898000)]
=>0x00007f82b30ab000 JavaThread "AWT-EventQueue-0" [_thread_in_native, id=-1953935360, stack(0x000000026b895000,0x000000028b895000)]
  0x00007f82b2973000 JavaThread "Java2D Disposer" daemon [_thread_blocked, id=1804148736, stack(0x000000024b892000,0x000000026b892000)]
  0x00007f82b520c800 JavaThread "Java2D Queue Flusher" daemon [_thread_blocked, id=1266728960, stack(0x000000022b80c000,0x000000024b80c000)]
  0x00007f82b20c5800 JavaThread "AWT-Shutdown" [_thread_blocked, id=662708224, stack(0x0000000207802000,0x0000000227802000)]
  0x00007f82b2042800 JavaThread "AWT-AppKit" daemon [_thread_in_native, id=1984239968, stack(0x00007fff6d8fd000,0x00007fff6e0fd000)]
  0x00007f82b4916800 JavaThread "process reaper" daemon [_thread_blocked, id=-414228480, stack(0x00000001e74ce000,0x00000001e74f6000)]
  0x00007f82b28a9000 JavaThread "ReaderThread" [_thread_in_native, id=-416993280, stack(0x00000001c7253000,0x00000001e7253000)]
  0x00007f82b3012800 JavaThread "Service Thread" daemon [_thread_blocked, id=-956329984, stack(0x00000001a6ff9000,0x00000001c6ff9000)]
  0x00007f82b3011800 JavaThread "C1 CompilerThread3" daemon [_thread_blocked, id=-1493213184, stack(0x00000001a6ef6000,0x00000001a6ff6000)]
  0x00007f82b3009000 JavaThread "C2 CompilerThread2" daemon [_thread_blocked, id=-1494274048, stack(0x00000001a6df3000,0x00000001a6ef3000)]
  0x00007f82b3008000 JavaThread "C2 CompilerThread1" daemon [_thread_blocked, id=-1495334912, stack(0x00000001a6cf0000,0x00000001a6df0000)]
  0x00007f82b5009000 JavaThread "C2 CompilerThread0" daemon [_thread_blocked, id=-1496395776, stack(0x00000001a6bed000,0x00000001a6ced000)]
  0x00007f82b5008000 JavaThread "Signal Dispatcher" daemon [_thread_blocked, id=-1497456640, stack(0x0000000186bea000,0x00000001a6bea000)]
  0x00007f82b285a800 JavaThread "Finalizer" daemon [_thread_blocked, id=-2036457472, stack(0x00000001669e2000,0x00000001869e2000)]
  0x00007f82b2859800 JavaThread "Reference Handler" daemon [_thread_blocked, id=1721626624, stack(0x00000001469df000,0x00000001669df000)]
  0x00007f82b2800800 JavaThread "main" [_thread_in_vm, id=790237184, stack(0x000000010f1a1000,0x000000012f1a1000)]

Other Threads:
  0x00007f82b2855000 VMThread [stack: 0x00000001468dc000,0x00000001469dc000] [id=1184743424]
  0x00007f82b301b000 WatcherThread [stack: 0x00000001c6ffc000,0x00000001c70fc000] [id=-955269120]

VM state:not at safepoint (normal execution)

VM Mutex/Monitor currently owned by a thread: None

Heap
 PSYoungGen      total 688128K, used 484083K [0x0000000795560000, 0x00000007c5560000, 0x0000000800000000)
  eden space 589824K, 82% used [0x0000000795560000,0x00000007b2e1ced0,0x00000007b9560000)
  from space 98304K, 0% used [0x00000007bf560000,0x00000007bf560000,0x00000007c5560000)
  to   space 98304K, 0% used [0x00000007b9560000,0x00000007b9560000,0x00000007bf560000)
 ParOldGen       total 5376K, used 0K [0x00000006c0000000, 0x00000006c0540000, 0x0000000795560000)
  object space 5376K, 0% used [0x00000006c0000000,0x00000006c0000000,0x00000006c0540000)
 PSPermGen       total 21248K, used 16790K [0x00000006a0000000, 0x00000006a14c0000, 0x00000006c0000000)
  object space 21248K, 79% used [0x00000006a0000000,0x00000006a1065b00,0x00000006a14c0000)

Code Cache  [0x000000012f1f1000, 0x000000012f4c1000, 0x00000001351f1000)
 total_blobs=1287 nmethods=594 adapters=612 free_code_cache=95468Kb largest_free_block=97739200

Compilation events (10 events):
Event: 3.158 Thread 0x00007f82b3011800  639       3       java.nio.ByteBuffer::<init> (45 bytes)
Event: 3.158 Thread 0x00007f82b3011800 nmethod 639 0x000000012f4b7ad0 code [0x000000012f4b7c40, 0x000000012f4b7ec8]
Event: 3.379 Thread 0x00007f82b3011800  640       3       java.util.regex.Pattern$BmpCharProperty::match (50 bytes)
Event: 3.379 Thread 0x00007f82b3011800 nmethod 640 0x000000012f4b7fd0 code [0x000000012f4b8180, 0x000000012f4b8668]
Event: 3.380 Thread 0x00007f82b3011800  643       3       sun.nio.cs.StreamEncoder::implWrite (156 bytes)
Event: 3.380 Thread 0x00007f82b3011800 nmethod 643 0x000000012f4b87d0 code [0x000000012f4b8a40, 0x000000012f4b9928]
Event: 3.380 Thread 0x00007f82b3011800  642   !   3       sun.nio.cs.StreamEncoder::write (78 bytes)
Event: 3.381 Thread 0x00007f82b3011800 nmethod 642 0x000000012f4ba150 code [0x000000012f4ba320, 0x000000012f4baa68]
Event: 3.381 Thread 0x00007f82b3011800  641       3       java.lang.String::toString (2 bytes)
Event: 3.381 Thread 0x00007f82b3011800 nmethod 641 0x000000012f3139d0 code [0x000000012f313b20, 0x000000012f313cb0]

GC Heap History (0 events):
No events

Deoptimization events (3 events):
Event: 1.418 Thread 0x00007f82b2800800 Uncommon trap -83 fr.pc 0x000000012f39c594
Event: 1.747 Thread 0x00007f82b2800800 Uncommon trap -83 fr.pc 0x000000012f423498
Event: 1.747 Thread 0x00007f82b2800800 Uncommon trap -83 fr.pc 0x000000012f3d9698

Internal exceptions (10 events):
Event: 2.578 Thread 0x00007f82b30ab000 Threw 0x000000079b326418 at /HUDSON/workspace/jdk7u4-2-build-macosx-x86_64-product/jdk7u4/hotspot/src/share/vm/prims/jvm.cpp:1166
Event: 2.578 Thread 0x00007f82b30ab000 Threw 0x000000079b330ee0 at /HUDSON/workspace/jdk7u4-2-build-macosx-x86_64-product/jdk7u4/hotspot/src/share/vm/prims/jvm.cpp:1166
Event: 2.580 Thread 0x00007f82b30ab000 Threw 0x000000079b351cc8 at /HUDSON/workspace/jdk7u4-2-build-macosx-x86_64-product/jdk7u4/hotspot/src/share/vm/prims/jvm.cpp:1166
Event: 2.581 Thread 0x00007f82b30ab000 Threw 0x000000079b377498 at /HUDSON/workspace/jdk7u4-2-build-macosx-x86_64-product/jdk7u4/hotspot/src/share/vm/prims/jvm.cpp:1166
Event: 2.582 Thread 0x00007f82b30ab000 Threw 0x000000079b37ede0 at /HUDSON/workspace/jdk7u4-2-build-macosx-x86_64-product/jdk7u4/hotspot/src/share/vm/prims/jvm.cpp:1166
Event: 2.582 Thread 0x00007f82b30ab000 Threw 0x000000079b385b88 at /HUDSON/workspace/jdk7u4-2-build-macosx-x86_64-product/jdk7u4/hotspot/src/share/vm/prims/jvm.cpp:1166
Event: 3.360 Thread 0x00007f82b30ab000 Threw 0x000000079b3be3d0 at /HUDSON/workspace/jdk7u4-2-build-macosx-x86_64-product/jdk7u4/hotspot/src/share/vm/prims/jvm.cpp:1166
Event: 3.361 Thread 0x00007f82b30ab000 Threw 0x000000079b3c1da0 at /HUDSON/workspace/jdk7u4-2-build-macosx-x86_64-product/jdk7u4/hotspot/src/share/vm/prims/jvm.cpp:1166
Event: 3.361 Thread 0x00007f82b30ab000 Threw 0x000000079b3c54b8 at /HUDSON/workspace/jdk7u4-2-build-macosx-x86_64-product/jdk7u4/hotspot/src/share/vm/prims/jvm.cpp:1166
Event: 3.361 Thread 0x00007f82b30ab000 Threw 0x000000079b3c8da8 at /HUDSON/workspace/jdk7u4-2-build-macosx-x86_64-product/jdk7u4/hotspot/src/share/vm/prims/jvm.cpp:1166

Events (10 events):
Event: 3.362 loading class 0x00007f82b7508bd0 done
Event: 3.370 loading class 0x000000010e624650
Event: 3.370 loading class 0x000000010e624650 done
Event: 3.378 Executing VM operation: RevokeBias
Event: 3.378 Executing VM operation: RevokeBias done
Event: 3.380 Thread 0x00007f82b3011800 flushing nmethod 0x000000012f2f7810
Event: 3.381 Thread 0x00007f82b3011800 flushing nmethod 0x000000012f313390
Event: 3.381 Thread 0x00007f82b3011800 flushing nmethod 0x000000012f3137d0
Event: 3.385 loading class 0x000000010e624530
Event: 3.385 loading class 0x000000010e624530 done


Dynamic libraries:
0x0000000006411000 	/System/Library/Frameworks/Cocoa.framework/Versions/A/Cocoa
0x0000000006411000 	/System/Library/Frameworks/Security.framework/Versions/A/Security
0x0000000006411000 	/System/Library/Frameworks/ApplicationServices.framework/Versions/A/ApplicationServices
0x0000000006411000 	/usr/lib/libz.1.dylib
0x0000000006411000 	/usr/lib/libSystem.B.dylib
0x0000000006411000 	/usr/lib/libobjc.A.dylib
0x0000000006411000 	/System/Library/Frameworks/CoreFoundation.framework/Versions/A/CoreFoundation
0x0000000006411000 	/System/Library/Frameworks/AppKit.framework/Versions/C/AppKit
0x0000000006411000 	/System/Library/Frameworks/CoreData.framework/Versions/A/CoreData
0x0000000006411000 	/System/Library/Frameworks/Foundation.framework/Versions/C/Foundation
0x0000000006411000 	/System/Library/PrivateFrameworks/RemoteViewServices.framework/Versions/A/RemoteViewServices
0x0000000006411000 	/System/Library/Frameworks/AudioToolbox.framework/Versions/A/AudioToolbox
0x0000000006411000 	/System/Library/Frameworks/AudioUnit.framework/Versions/A/AudioUnit
0x0000000006411000 	/System/Library/PrivateFrameworks/DataDetectorsCore.framework/Versions/A/DataDetectorsCore
0x0000000006411000 	/System/Library/PrivateFrameworks/DesktopServicesPriv.framework/Versions/A/DesktopServicesPriv
0x0000000006411000 	/System/Library/Frameworks/Carbon.framework/Versions/A/Frameworks/HIToolbox.framework/Versions/A/HIToolbox
0x0000000006411000 	/System/Library/Frameworks/QuartzCore.framework/Versions/A/QuartzCore
0x0000000006411000 	/System/Library/Frameworks/Carbon.framework/Versions/A/Frameworks/SpeechRecognition.framework/Versions/A/SpeechRecognition
0x0000000006411000 	/usr/lib/libauto.dylib
0x0000000006411000 	/usr/lib/libicucore.A.dylib
0x0000000006411000 	/usr/lib/libxml2.2.dylib
0x0000000006411000 	/System/Library/PrivateFrameworks/CoreUI.framework/Versions/A/CoreUI
0x0000000006411000 	/System/Library/Frameworks/CoreAudio.framework/Versions/A/CoreAudio
0x0000000006411000 	/System/Library/Frameworks/DiskArbitration.framework/Versions/A/DiskArbitration
0x0000000006411000 	/usr/lib/liblangid.dylib
0x0000000006411000 	/System/Library/PrivateFrameworks/MultitouchSupport.framework/Versions/A/MultitouchSupport
0x0000000006411000 	/System/Library/Frameworks/IOKit.framework/Versions/A/IOKit
0x0000000006411000 	/usr/lib/libDiagnosticMessagesClient.dylib
0x0000000006411000 	/System/Library/Frameworks/CoreServices.framework/Versions/A/CoreServices
0x0000000006411000 	/System/Library/PrivateFrameworks/PerformanceAnalysis.framework/Versions/A/PerformanceAnalysis
0x0000000006411000 	/System/Library/PrivateFrameworks/GenerationalStorage.framework/Versions/A/GenerationalStorage
0x0000000006411000 	/System/Library/Frameworks/OpenGL.framework/Versions/A/OpenGL
0x0000000006411000 	/System/Library/Frameworks/CoreServices.framework/Versions/A/Frameworks/CFNetwork.framework/Versions/A/CFNetwork
0x0000000006411000 	/System/Library/Frameworks/SystemConfiguration.framework/Versions/A/SystemConfiguration
0x0000000006411000 	/usr/lib/libCRFSuite.dylib
0x0000000006411000 	/usr/lib/libc++.1.dylib
0x0000000006411000 	/usr/lib/libstdc++.6.dylib
0x0000000006411000 	/usr/lib/libc++abi.dylib
0x0000000006411000 	/usr/lib/system/libcache.dylib
0x0000000006411000 	/usr/lib/system/libcommonCrypto.dylib
0x0000000006411000 	/usr/lib/system/libcompiler_rt.dylib
0x0000000006411000 	/usr/lib/system/libcopyfile.dylib
0x0000000006411000 	/usr/lib/system/libdispatch.dylib
0x0000000006411000 	/usr/lib/system/libdnsinfo.dylib
0x0000000006411000 	/usr/lib/system/libdyld.dylib
0x0000000006411000 	/usr/lib/system/libkeymgr.dylib
0x0000000006411000 	/usr/lib/system/liblaunch.dylib
0x0000000006411000 	/usr/lib/system/libmacho.dylib
0x0000000006411000 	/usr/lib/system/libmathCommon.A.dylib
0x0000000006411000 	/usr/lib/system/libquarantine.dylib
0x0000000006411000 	/usr/lib/system/libremovefile.dylib
0x0000000006411000 	/usr/lib/system/libsystem_blocks.dylib
0x0000000006411000 	/usr/lib/system/libsystem_c.dylib
0x0000000006411000 	/usr/lib/system/libsystem_dnssd.dylib
0x0000000006411000 	/usr/lib/system/libsystem_info.dylib
0x0000000006411000 	/usr/lib/system/libsystem_kernel.dylib
0x0000000006411000 	/usr/lib/system/libsystem_network.dylib
0x0000000006411000 	/usr/lib/system/libsystem_notify.dylib
0x0000000006411000 	/usr/lib/system/libsystem_sandbox.dylib
0x0000000006411000 	/usr/lib/system/libunc.dylib
0x0000000006411000 	/usr/lib/system/libunwind.dylib
0x0000000006411000 	/usr/lib/system/libxpc.dylib
0x0000000006411000 	/usr/lib/libbsm.0.dylib
0x0000000006411000 	/usr/lib/libsqlite3.dylib
0x0000000006411000 	/usr/lib/libOpenScriptingUtil.dylib
0x0000000006411000 	/usr/lib/libpam.2.dylib
0x0000000006411000 	/usr/lib/libxar-nossl.dylib
0x0000000006411000 	/usr/lib/libbz2.1.0.dylib
0x0000000006411000 	/System/Library/Frameworks/CoreServices.framework/Versions/A/Frameworks/CarbonCore.framework/Versions/A/CarbonCore
0x0000000006411000 	/System/Library/Frameworks/CoreServices.framework/Versions/A/Frameworks/Metadata.framework/Versions/A/Metadata
0x0000000006411000 	/System/Library/Frameworks/CoreServices.framework/Versions/A/Frameworks/OSServices.framework/Versions/A/OSServices
0x0000000006411000 	/System/Library/Frameworks/CoreServices.framework/Versions/A/Frameworks/SearchKit.framework/Versions/A/SearchKit
0x0000000006411000 	/System/Library/Frameworks/CoreServices.framework/Versions/A/Frameworks/AE.framework/Versions/A/AE
0x0000000006411000 	/System/Library/Frameworks/CoreServices.framework/Versions/A/Frameworks/LaunchServices.framework/Versions/A/LaunchServices
0x0000000006411000 	/System/Library/Frameworks/CoreServices.framework/Versions/A/Frameworks/DictionaryServices.framework/Versions/A/DictionaryServices
0x0000000006411000 	/System/Library/Frameworks/NetFS.framework/Versions/A/NetFS
0x0000000006411000 	/usr/lib/system/libkxld.dylib
0x0000000006411000 	/System/Library/PrivateFrameworks/NetAuth.framework/Versions/A/NetAuth
0x0000000006411000 	/usr/lib/libcrypto.0.9.8.dylib
0x0000000006411000 	/System/Library/PrivateFrameworks/TrustEvaluationAgent.framework/Versions/A/TrustEvaluationAgent
0x0000000006411000 	/System/Library/Frameworks/OpenDirectory.framework/Versions/A/Frameworks/CFOpenDirectory.framework/Versions/A/CFOpenDirectory
0x0000000006411000 	/usr/lib/libxslt.1.dylib
0x0000000006411000 	/System/Library/PrivateFrameworks/FamilyControls.framework/Versions/A/FamilyControls
0x0000000006411000 	/System/Library/Frameworks/Carbon.framework/Versions/A/Frameworks/Ink.framework/Versions/A/Ink
0x0000000006411000 	/System/Library/Frameworks/ApplicationServices.framework/Versions/A/Frameworks/CoreGraphics.framework/Versions/A/CoreGraphics
0x0000000006411000 	/System/Library/Frameworks/ApplicationServices.framework/Versions/A/Frameworks/ImageIO.framework/Versions/A/ImageIO
0x0000000006411000 	/System/Library/Frameworks/ApplicationServices.framework/Versions/A/Frameworks/CoreText.framework/Versions/A/CoreText
0x0000000006411000 	/System/Library/Frameworks/ApplicationServices.framework/Versions/A/Frameworks/ATS.framework/Versions/A/ATS
0x0000000006411000 	/System/Library/Frameworks/ApplicationServices.framework/Versions/A/Frameworks/ColorSync.framework/Versions/A/ColorSync
0x0000000006411000 	/System/Library/Frameworks/ApplicationServices.framework/Versions/A/Frameworks/HIServices.framework/Versions/A/HIServices
0x0000000006411000 	/System/Library/Frameworks/ApplicationServices.framework/Versions/A/Frameworks/LangAnalysis.framework/Versions/A/LangAnalysis
0x0000000006411000 	/System/Library/Frameworks/ApplicationServices.framework/Versions/A/Frameworks/PrintCore.framework/Versions/A/PrintCore
0x0000000006411000 	/System/Library/Frameworks/ApplicationServices.framework/Versions/A/Frameworks/QD.framework/Versions/A/QD
0x0000000006411000 	/System/Library/Frameworks/ApplicationServices.framework/Versions/A/Frameworks/SpeechSynthesis.framework/Versions/A/SpeechSynthesis
0x0000000006411000 	/System/Library/Frameworks/IOSurface.framework/Versions/A/IOSurface
0x0000000006411000 	/System/Library/Frameworks/Accelerate.framework/Versions/A/Accelerate
0x0000000006411000 	/System/Library/Frameworks/ApplicationServices.framework/Versions/A/Frameworks/ImageIO.framework/Versions/A/Resources/libJPEG.dylib
0x0000000006411000 	/System/Library/Frameworks/ApplicationServices.framework/Versions/A/Frameworks/ImageIO.framework/Versions/A/Resources/libTIFF.dylib
0x0000000006411000 	/System/Library/Frameworks/ApplicationServices.framework/Versions/A/Frameworks/ImageIO.framework/Versions/A/Resources/libPng.dylib
0x0000000006411000 	/System/Library/Frameworks/ApplicationServices.framework/Versions/A/Frameworks/ImageIO.framework/Versions/A/Resources/libGIF.dylib
0x0000000006411000 	/System/Library/Frameworks/ApplicationServices.framework/Versions/A/Frameworks/ImageIO.framework/Versions/A/Resources/libJP2.dylib
0x0000000006411000 	/System/Library/Frameworks/ApplicationServices.framework/Versions/A/Frameworks/ImageIO.framework/Versions/A/Resources/libRadiance.dylib
0x0000000006411000 	/System/Library/Frameworks/Accelerate.framework/Versions/A/Frameworks/vImage.framework/Versions/A/vImage
0x0000000006411000 	/System/Library/Frameworks/Accelerate.framework/Versions/A/Frameworks/vecLib.framework/Versions/A/vecLib
0x0000000006411000 	/System/Library/Frameworks/Accelerate.framework/Versions/A/Frameworks/vecLib.framework/Versions/A/libvDSP.dylib
0x0000000006411000 	/System/Library/Frameworks/Accelerate.framework/Versions/A/Frameworks/vecLib.framework/Versions/A/libvMisc.dylib
0x0000000006411000 	/System/Library/Frameworks/Accelerate.framework/Versions/A/Frameworks/vecLib.framework/Versions/A/libLAPACK.dylib
0x0000000006411000 	/System/Library/Frameworks/Accelerate.framework/Versions/A/Frameworks/vecLib.framework/Versions/A/libBLAS.dylib
0x0000000006411000 	/System/Library/Frameworks/ApplicationServices.framework/Versions/A/Frameworks/ATS.framework/Versions/A/Resources/libFontParser.dylib
0x0000000006411000 	/System/Library/Frameworks/ApplicationServices.framework/Versions/A/Frameworks/ATS.framework/Versions/A/Resources/libFontRegistry.dylib
0x0000000006411000 	/usr/lib/libcups.2.dylib
0x0000000006411000 	/System/Library/Frameworks/Kerberos.framework/Versions/A/Kerberos
0x0000000006411000 	/System/Library/Frameworks/GSS.framework/Versions/A/GSS
0x0000000006411000 	/usr/lib/libresolv.9.dylib
0x0000000006411000 	/usr/lib/libiconv.2.dylib
0x0000000006411000 	/System/Library/PrivateFrameworks/Heimdal.framework/Versions/A/Heimdal
0x0000000006411000 	/System/Library/Frameworks/OpenDirectory.framework/Versions/A/OpenDirectory
0x0000000006411000 	/System/Library/PrivateFrameworks/CommonAuth.framework/Versions/A/CommonAuth
0x0000000006411000 	/System/Library/Frameworks/CoreVideo.framework/Versions/A/CoreVideo
0x0000000006411000 	/System/Library/Frameworks/QuartzCore.framework/Versions/A/Frameworks/CoreImage.framework/Versions/A/CoreImage
0x0000000006411000 	/System/Library/Frameworks/QuartzCore.framework/Versions/A/Frameworks/ScalableUserInterface.framework/Versions/A/ScalableUserInterface
0x0000000006411000 	/System/Library/Frameworks/OpenGL.framework/Versions/A/Libraries/libGLU.dylib
0x0000000006411000 	/System/Library/Frameworks/OpenGL.framework/Versions/A/Libraries/libGFXShared.dylib
0x0000000006411000 	/System/Library/Frameworks/OpenGL.framework/Versions/A/Libraries/libGL.dylib
0x0000000006411000 	/System/Library/Frameworks/OpenGL.framework/Versions/A/Libraries/libGLImage.dylib
0x0000000006411000 	/System/Library/Frameworks/OpenGL.framework/Versions/A/Libraries/libCVMSPluginSupport.dylib
0x0000000006411000 	/System/Library/Frameworks/OpenGL.framework/Versions/A/Libraries/libCoreVMClient.dylib
0x0000000006411000 	/System/Library/Frameworks/OpenCL.framework/Versions/A/OpenCL
0x0000000006411000 	/System/Library/PrivateFrameworks/FaceCoreLight.framework/Versions/A/FaceCoreLight
0x0000000006411000 	/System/Library/Frameworks/vecLib.framework/Versions/A/vecLib
0x0000000006411000 	/System/Library/Frameworks/SecurityFoundation.framework/Versions/A/SecurityFoundation
0x0000000006411000 	/System/Library/PrivateFrameworks/CommerceKit.framework/Versions/A/Frameworks/CommerceCore.framework/Versions/A/CommerceCore
0x0000000006411000 	/System/Library/PrivateFrameworks/CoreSymbolication.framework/Versions/A/CoreSymbolication
0x0000000006411000 	/System/Library/PrivateFrameworks/Symbolication.framework/Versions/A/Symbolication
0x0000000006411000 	/System/Library/PrivateFrameworks/DebugSymbols.framework/Versions/A/DebugSymbols
0x000000010e700000 	/Library/Java/JavaVirtualMachines/1.7.0.jdk/Contents/Home/jre/lib/server/libjvm.dylib
0x000000012f1a3000 	/Library/Java/JavaVirtualMachines/1.7.0.jdk/Contents/Home/jre/lib/libverify.dylib
0x000000012f1b0000 	/Library/Java/JavaVirtualMachines/1.7.0.jdk/Contents/Home/jre/lib/libjava.dylib
0x000000012f1e8000 	/Library/Java/JavaVirtualMachines/1.7.0.jdk/Contents/Home/jre/lib/libzip.dylib
0x00000001869e4000 	/System/Library/Frameworks/JavaVM.framework/Frameworks/JavaRuntimeSupport.framework/JavaRuntimeSupport
0x00000001869fc000 	/System/Library/Frameworks/JavaVM.framework/Versions/A/Frameworks/JavaNativeFoundation.framework/Versions/A/JavaNativeFoundation
0x0000000186a11000 	/System/Library/Frameworks/JavaVM.framework/Versions/A/JavaVM
0x0000000006411000 	/System/Library/Frameworks/Carbon.framework/Versions/A/Carbon
0x0000000186a1e000 	/System/Library/PrivateFrameworks/JavaLaunching.framework/Versions/A/JavaLaunching
0x0000000006411000 	/System/Library/Frameworks/Carbon.framework/Versions/A/Frameworks/CommonPanels.framework/Versions/A/CommonPanels
0x0000000006411000 	/System/Library/Frameworks/Carbon.framework/Versions/A/Frameworks/Help.framework/Versions/A/Help
0x0000000006411000 	/System/Library/Frameworks/Carbon.framework/Versions/A/Frameworks/ImageCapture.framework/Versions/A/ImageCapture
0x0000000006411000 	/System/Library/Frameworks/Carbon.framework/Versions/A/Frameworks/OpenScripting.framework/Versions/A/OpenScripting
0x0000000006411000 	/System/Library/Frameworks/Carbon.framework/Versions/A/Frameworks/Print.framework/Versions/A/Print
0x0000000006411000 	/System/Library/Frameworks/Carbon.framework/Versions/A/Frameworks/SecurityHI.framework/Versions/A/SecurityHI
0x00000001c71f5000 	/Library/Java/JavaVirtualMachines/1.7.0.jdk/Contents/Home/jre/lib/libnet.dylib
0x00000001e74f8000 	/Library/Java/JavaVirtualMachines/1.7.0.jdk/Contents/Home/jre/lib/libnio.dylib
0x00000001e7507000 	/private/var/folders/b3/ppc45vvx7pvdzh6b9ddkzlgw0000gs/T/jogamp_0000/file_cache/jln2823735514950025033/jln4592961448604972093/libgluegen-rt.jnilib
0x00000002075c6000 	/Library/Java/JavaVirtualMachines/1.7.0.jdk/Contents/Home/jre/lib/libawt.dylib
0x0000000207675000 	/Library/Java/JavaVirtualMachines/1.7.0.jdk/Contents/Home/jre/lib/./libmlib_image.dylib
0x0000000207741000 	/Library/Java/JavaVirtualMachines/1.7.0.jdk/Contents/Home/jre/lib/lwawt/liblwawt.dylib
0x00000002077ee000 	/Library/Java/JavaVirtualMachines/1.7.0.jdk/Contents/Home/jre/lib/server/../libosxapp.dylib
0x00000002077fa000 	/System/Library/Frameworks/ExceptionHandling.framework/Versions/A/ExceptionHandling
0x0000000006411000 	/System/Library/PrivateFrameworks/CoreServicesInternal.framework/Versions/A/CoreServicesInternal
0x0000000006411000 	/System/Library/Frameworks/ApplicationServices.framework/Versions/A/Frameworks/CoreGraphics.framework/Versions/A/Resources/libCSync.A.dylib
0x0000000006411000 	/System/Library/CoreServices/RawCamera.bundle/Contents/MacOS/RawCamera
0x0000000006411000 	/System/Library/Frameworks/ApplicationServices.framework/Versions/A/Frameworks/CoreGraphics.framework/Versions/A/Resources/libRIP.A.dylib
0x0000000006411000 	/System/Library/Frameworks/ApplicationServices.framework/Versions/A/Frameworks/CoreGraphics.framework/Versions/A/Resources/libCGXType.A.dylib
0x000000022b7bf000 	/Library/Java/JavaVirtualMachines/1.7.0.jdk/Contents/Home/jre/lib/libfontmanager.dylib
0x0000000228826000 	/private/var/folders/b3/ppc45vvx7pvdzh6b9ddkzlgw0000gs/T/jogamp_0000/file_cache/jln2823735514950025033/jln4592961448604972093/libnativewindow_awt.jnilib
0x000000022882a000 	/Library/Java/JavaVirtualMachines/1.7.0.jdk/Contents/Home/jre/lib/server/../libjawt.dylib
0x00000001e750b000 	/System/Library/Frameworks/OpenGL.framework/Resources/GLEngine.bundle/GLEngine
0x00000001e76fa000 	/System/Library/Frameworks/OpenGL.framework/Versions/A/Libraries/libGLProgrammability.dylib
0x0000000000000000 	/System/Library/Extensions/GeForceGLDriver.bundle/Contents/MacOS/GeForceGLDriver
0x00000001e7886000 	/System/Library/PrivateFrameworks/GPUSupport.framework/Versions/A/Libraries/libGPUSupport.dylib
0x0000000006411000 	/System/Library/Extensions/GeForceGLDriver.bundle/Contents/MacOS/libclh.dylib
0x00000001e789c000 	/System/Library/Extensions/AppleIntelHD4000GraphicsGLDriver.bundle/Contents/MacOS/AppleIntelHD4000GraphicsGLDriver
0x00000001e7e52000 	/System/Library/Frameworks/OpenGL.framework/Resources//GLRendererFloat.bundle/GLRendererFloat
0x00000001e7e89000 	/System/Library/Frameworks/OpenCL.framework/Versions/A/Libraries/libcldcpuengine.dylib
0x0000000006411000 	/System/Library/PrivateFrameworks/DiskImages.framework/Versions/A/DiskImages
0x00000001e7e99000 	/System/Library/Frameworks/OpenGL.framework/Versions/A/Libraries/libCoreFSCache.dylib
0x0000000006411000 	/System/Library/Frameworks/DiscRecording.framework/Versions/A/DiscRecording
0x0000000006411000 	/usr/lib/libcurl.4.dylib
0x0000000006411000 	/System/Library/PrivateFrameworks/MediaKit.framework/Versions/A/MediaKit
0x0000000006411000 	/usr/lib/libssl.0.9.8.dylib
0x0000000006411000 	/System/Library/Frameworks/LDAP.framework/Versions/A/LDAP
0x0000000006411000 	/usr/lib/libsasl2.2.dylib
0x00000001e87ad000 	/private/var/folders/b3/ppc45vvx7pvdzh6b9ddkzlgw0000gs/T/jogamp_0000/file_cache/jln2823735514950025033/jln4592961448604972093/libnativewindow_macosx.jnilib
0x00000001e87bb000 	/private/var/folders/b3/ppc45vvx7pvdzh6b9ddkzlgw0000gs/T/jogamp_0000/file_cache/jln2823735514950025033/jln4592961448604972093/libjogl_desktop.jnilib
0x00000001e7ee3000 	/Library/Java/JavaVirtualMachines/1.7.0.jdk/Contents/Home/jre/lib/libosxui.dylib
0x00000001ea9f6000 	/Users/royer/workspace/Libraries/jcuda/nat/libJCudaDriver-apple-x86_64.dylib
0x00000001eaa23000 	/Developer/NVIDIA/CUDA-5.0/lib/libcudart.dylib
0x00000001eaa99000 	/Library/Frameworks/CUDA.framework/Versions/A/CUDA
0x00000001e992c000 	/Developer/NVIDIA/CUDA-5.0/lib//libtlshook.dylib
0x00000001f35eb000 	/Library/Frameworks/CUDA.framework/Versions/A/Libraries/libcuda_295.10.20.dylib
0x00000001f38e0000 	/Library/Frameworks/CUDA.framework/Versions/A/Libraries/libgpgpucomp.dylib

VM Arguments:
jvm_args: -Djava.library.path=/Users/royer/workspace/Libraries/jcuda/nat:/Users/royer/workspace/Libraries/jcuda/nat:/Users/royer/workspace/Libraries/jcuda/nat:/Users/royer/workspace/Libraries/jcuda/nat:/Users/royer/workspace/Libraries/jcuda/nat -Xmx5G -Xss512M -XX:NewSize=768m -XX:MaxPermSize=512M -XX:MaxGCPauseMillis=1 -XX:UseSSE=3 -XX:CompileThreshold=100 -XX:+TieredCompilation -XX:+UseFastAccessorMethods -XX:+AggressiveOpts -XX:+OptimizeStringConcat -XX:+UseCompressedOops -XX:+UseBiasedLocking -XX:+DoEscapeAnalysis -Dfile.encoding=US-ASCII 
java_command: org.eclipse.jdt.internal.junit.runner.RemoteTestRunner -version 3 -port 49737 -testLoaderClass org.eclipse.jdt.internal.junit4.runner.JUnit4TestLoader -loaderpluginname org.eclipse.jdt.junit4.runtime -classNames clearvolume.test.ClearVolumeTests
Launcher Type: SUN_STANDARD

Environment Variables:
PATH=/usr/bin:/bin:/usr/sbin:/sbin
SHELL=/bin/bash
DISPLAY=/tmp/launch-h6jiO7/org.macosforge.xquartz:0

Signal Handlers:
SIGSEGV: [libjvm.dylib+0x4a177d], sa_mask[0]=0xfffefeff, sa_flags=0x00000042
SIGBUS: [libjvm.dylib+0x4a177d], sa_mask[0]=0xfffefeff, sa_flags=0x00000042
SIGFPE: [libjvm.dylib+0x3b1541], sa_mask[0]=0xfffefeff, sa_flags=0x00000042
SIGPIPE: [libjvm.dylib+0x3b1541], sa_mask[0]=0xfffefeff, sa_flags=0x00000042
SIGXFSZ: [libjvm.dylib+0x3b1541], sa_mask[0]=0xfffefeff, sa_flags=0x00000042
SIGILL: [libjvm.dylib+0x3b1541], sa_mask[0]=0xfffefeff, sa_flags=0x00000042
SIGUSR1: SIG_DFL, sa_mask[0]=0x00000000, sa_flags=0x00000002
SIGUSR2: [libjvm.dylib+0x3b10ce], sa_mask[0]=0x00000004, sa_flags=0x00000042
SIGHUP: [libjvm.dylib+0x3af2f3], sa_mask[0]=0xfffefeff, sa_flags=0x00000042
SIGINT: [libjvm.dylib+0x3af2f3], sa_mask[0]=0xfffefeff, sa_flags=0x00000042
SIGTERM: [libjvm.dylib+0x3af2f3], sa_mask[0]=0xfffefeff, sa_flags=0x00000042
SIGQUIT: [libjvm.dylib+0x3af2f3], sa_mask[0]=0xfffefeff, sa_flags=0x00000042


---------------  S Y S T E M  ---------------

OS:Bsd
uname:Darwin 11.4.2 Darwin Kernel Version 11.4.2: Thu Aug 23 16:25:48 PDT 2012; root:xnu-1699.32.7~1/RELEASE_X86_64 x86_64
rlimit: STACK 8192k, CORE 0k, NPROC 709, NOFILE 10240
CPU:total 8 (4 cores per cpu, 2 threads per core) family 6 model 58 stepping 9, cmov, cx8, fxsr, mmx, sse, sse2, sse3, ssse3, popcnt, avx, ht, tsc, tscinvbit, tscinv

Memory: 4k page, physical 4705144k(1176286k free)

/proc/meminfo:


vm_info: Java HotSpot(TM) 64-Bit Server VM (23.0-b21) for bsd-amd64 JRE (1.7.0_04-b21), built on Apr 19 2012 22:33:17 by "java_re" with gcc 4.2.1 (Based on Apple Inc. build 5658) (LLVM build 2336.1.00)

time: Sat Jun 15 15:32:27 2013
elapsed time: 3 seconds

